<?xml version="1.0" encoding="UTF-8"?>
<!-- Generated by org.testng.reporters.JUnitXMLReporter -->
<testsuite ignored="0" hostname="Anarose" failures="0" tests="4" name="TestNG" time="24.05" errors="0" timestamp="2023-02-03T10:47:57 EST">
  <testcase classname="testLayer.LoginTest" name="Title" time="0.014"/>
  <testcase classname="testLayer.LoginTest" name="Login" time="3.335"/>
  <testcase classname="testLayer.LoginTest" name="Login" time="3.262"/>
  <testcase classname="testLayer.LoginTest" name="Login" time="3.287"/>
</testsuite> <!-- TestNG -->
