<?xml version="1.0" encoding="UTF-8"?>
<!-- Generated by org.testng.reporters.JUnitXMLReporter -->
<testsuite ignored="0" hostname="Anarose" failures="0" tests="4" name="Default test" time="24.718" errors="0" timestamp="2023-02-03T09:02:35 EST">
  <testcase classname="testLayer.LoginTest" name="Title" time="0.017"/>
  <testcase classname="testLayer.LoginTest" name="Login" time="3.384"/>
  <testcase classname="testLayer.LoginTest" name="Login" time="3.277"/>
  <testcase classname="testLayer.LoginTest" name="Login" time="3.312"/>
</testsuite> <!-- Default test -->
