<?xml version="1.0" encoding="UTF-8"?>
<testng-results ignored="0" total="4" passed="4" failed="0" skipped="0">
  <reporter-output>
  </reporter-output>
  <suite started-at="2023-02-03T10:47:33 EST" name="OrangeHRM" finished-at="2023-02-03T10:47:57 EST" duration-ms="24050">
    <groups>
    </groups>
    <test started-at="2023-02-03T10:47:33 EST" name="TestNG" finished-at="2023-02-03T10:47:57 EST" duration-ms="24050">
      <class name="testLayer.LoginTest">
        <test-method is-config="true" signature="initsetup()[pri:0, instance:testLayer.LoginTest@436813f3]" started-at="2023-02-03T10:47:33 EST" name="initsetup" finished-at="2023-02-03T10:47:37 EST" duration-ms="4410" status="PASS">
          <reporter-output>
          </reporter-output>
        </test-method> <!-- initsetup -->
        <test-method signature="Title()[pri:1, instance:testLayer.LoginTest@436813f3]" started-at="2023-02-03T10:47:37 EST" name="Title" finished-at="2023-02-03T10:47:37 EST" duration-ms="14" status="PASS">
          <reporter-output>
          </reporter-output>
        </test-method> <!-- Title -->
        <test-method is-config="true" signature="close()[pri:0, instance:testLayer.LoginTest@436813f3]" started-at="2023-02-03T10:47:37 EST" name="close" finished-at="2023-02-03T10:47:38 EST" duration-ms="102" status="PASS">
          <reporter-output>
          </reporter-output>
        </test-method> <!-- close -->
        <test-method is-config="true" signature="initsetup()[pri:0, instance:testLayer.LoginTest@436813f3]" started-at="2023-02-03T10:47:38 EST" name="initsetup" finished-at="2023-02-03T10:47:41 EST" duration-ms="2687" status="PASS">
          <reporter-output>
          </reporter-output>
        </test-method> <!-- initsetup -->
        <test-method signature="Login(java.lang.String,java.lang.String)[pri:2, instance:testLayer.LoginTest@436813f3]" started-at="2023-02-03T10:47:41 EST" name="Login" data-provider="Details" finished-at="2023-02-03T10:47:44 EST" duration-ms="3335" status="PASS">
          <params>
            <param index="0">
              <value>
                <![CDATA[Admin]]>
              </value>
            </param>
            <param index="1">
              <value>
                <![CDATA[admin123]]>
              </value>
            </param>
          </params>
          <reporter-output>
          </reporter-output>
        </test-method> <!-- Login -->
        <test-method is-config="true" signature="close()[pri:0, instance:testLayer.LoginTest@436813f3]" started-at="2023-02-03T10:47:44 EST" name="close" finished-at="2023-02-03T10:47:44 EST" duration-ms="94" status="PASS">
          <reporter-output>
          </reporter-output>
        </test-method> <!-- close -->
        <test-method is-config="true" signature="initsetup()[pri:0, instance:testLayer.LoginTest@436813f3]" started-at="2023-02-03T10:47:44 EST" name="initsetup" finished-at="2023-02-03T10:47:47 EST" duration-ms="2925" status="PASS">
          <reporter-output>
          </reporter-output>
        </test-method> <!-- initsetup -->
        <test-method signature="Login(java.lang.String,java.lang.String)[pri:2, instance:testLayer.LoginTest@436813f3]" started-at="2023-02-03T10:47:47 EST" name="Login" data-provider="Details" finished-at="2023-02-03T10:47:51 EST" duration-ms="3262" status="PASS">
          <params>
            <param index="0">
              <value>
                <![CDATA[Admin]]>
              </value>
            </param>
            <param index="1">
              <value>
                <![CDATA[abcd]]>
              </value>
            </param>
          </params>
          <reporter-output>
          </reporter-output>
        </test-method> <!-- Login -->
        <test-method is-config="true" signature="close()[pri:0, instance:testLayer.LoginTest@436813f3]" started-at="2023-02-03T10:47:51 EST" name="close" finished-at="2023-02-03T10:47:51 EST" duration-ms="101" status="PASS">
          <reporter-output>
          </reporter-output>
        </test-method> <!-- close -->
        <test-method is-config="true" signature="initsetup()[pri:0, instance:testLayer.LoginTest@436813f3]" started-at="2023-02-03T10:47:51 EST" name="initsetup" finished-at="2023-02-03T10:47:54 EST" duration-ms="2848" status="PASS">
          <reporter-output>
          </reporter-output>
        </test-method> <!-- initsetup -->
        <test-method signature="Login(java.lang.String,java.lang.String)[pri:2, instance:testLayer.LoginTest@436813f3]" started-at="2023-02-03T10:47:54 EST" name="Login" data-provider="Details" finished-at="2023-02-03T10:47:57 EST" duration-ms="3287" status="PASS">
          <params>
            <param index="0">
              <value>
                <![CDATA[Scott]]>
              </value>
            </param>
            <param index="1">
              <value>
                <![CDATA[xyc]]>
              </value>
            </param>
          </params>
          <reporter-output>
          </reporter-output>
        </test-method> <!-- Login -->
        <test-method is-config="true" signature="close()[pri:0, instance:testLayer.LoginTest@436813f3]" started-at="2023-02-03T10:47:57 EST" name="close" finished-at="2023-02-03T10:47:57 EST" duration-ms="130" status="PASS">
          <reporter-output>
          </reporter-output>
        </test-method> <!-- close -->
      </class> <!-- testLayer.LoginTest -->
    </test> <!-- TestNG -->
  </suite> <!-- OrangeHRM -->
</testng-results>
